Flutter crash report; please file at https://github.com/flutter/flutter/issues.

## command

flutter --no-color packages get

## exception

FileSystemException: FileSystemException: Deletion failed, path = 'E:\AndroidFlutterDemo\flutter_module\.ios\Config\Debug.xcconfig' (OS Error: 另一个程序正在使用此文件，进程无法访问。
, errno = 32)

```
#0      _Directory._deleteSync (dart:io/directory_impl.dart:206:7)
#1      FileSystemEntity.deleteSync (dart:io/file_system_entity.dart:466:47)
#2      _File._deleteSync (dart:io/file_impl.dart:303:50)
#3      FileSystemEntity.deleteSync (dart:io/file_system_entity.dart:466:47)
#4      ForwardingFileSystemEntity.deleteSync (package:file/src/forwarding/forwarding_file_system_entity.dart:72:16)
#5      Template.render.<anonymous closure> (package:flutter_tools/src/template.dart:124:32)
#6      __InternalLinkedHashMap&_HashVMBase&MapMixin&_LinkedHashMapMixin.forEach (dart:collection/runtime/libcompact_hash.dart:367:8)
#7      Template.render (package:flutter_tools/src/template.dart:109:24)
#8      IosProject._overwriteFromTemplate (package:flutter_tools/src/project.dart:323:14)
#9      IosProject._regenerateFromTemplateIfNeeded (package:flutter_tools/src/project.dart:295:9)
#10     IosProject.ensureReadyForPlatformSpecificTooling (package:flutter_tools/src/project.dart:266:5)
<asynchronous suspension>
#11     FlutterProject.ensureReadyForPlatformSpecificTooling (package:flutter_tools/src/project.dart:145:15)
<asynchronous suspension>
#12     PackagesGetCommand.runCommand (package:flutter_tools/src/commands/packages.dart:84:23)
<asynchronous suspension>
#13     FlutterCommand.verifyThenRunCommand (package:flutter_tools/src/runner/flutter_command.dart:545:18)
#14     _asyncThenWrapperHelper.<anonymous closure> (dart:async/runtime/libasync_patch.dart:77:64)
#15     _rootRunUnary (dart:async/zone.dart:1132:38)
#16     _CustomZone.runUnary (dart:async/zone.dart:1029:19)
#17     _FutureListener.handleValue (dart:async/future_impl.dart:126:18)
#18     Future._propagateToListeners.handleValueCallback (dart:async/future_impl.dart:639:45)
#19     Future._propagateToListeners (dart:async/future_impl.dart:668:32)
#20     Future._complete (dart:async/future_impl.dart:473:7)
#21     _SyncCompleter.complete (dart:async/future_impl.dart:51:12)
#22     _AsyncAwaitCompleter.complete.<anonymous closure> (dart:async/runtime/libasync_patch.dart:33:20)
#23     _rootRun (dart:async/zone.dart:1124:13)
#24     _CustomZone.run (dart:async/zone.dart:1021:19)
#25     _CustomZone.bindCallback.<anonymous closure> (dart:async/zone.dart:947:23)
#26     _microtaskLoop (dart:async/schedule_microtask.dart:41:21)
#27     _startMicrotaskLoop (dart:async/schedule_microtask.dart:50:5)
#28     _runPendingImmediateCallback (dart:isolate/runtime/libisolate_patch.dart:115:13)
#29     _RawReceivePortImpl._handleMessage (dart:isolate/runtime/libisolate_patch.dart:172:5)
```

## flutter doctor

```
[✓] Flutter (Channel stable, v1.2.1, on Microsoft Windows [Version 10.0.17134.590], locale zh-CN)
    • Flutter version 1.2.1 at D:\flutter_windows_v1.0.0-stable\flutter
    • Framework revision 8661d8aecd (3 weeks ago), 2019-02-14 19:19:53 -0800
    • Engine revision 3757390fa4
    • Dart version 2.1.2 (build 2.1.2-dev.0.0 0a7dcf17eb)

[!] Android toolchain - develop for Android devices (Android SDK version 28.0.3)
    • Android SDK at D:\Android-studio\sdk
    • Android NDK location not configured (optional; useful for native profiling support)
    • Platform android-28, build-tools 28.0.3
    • ANDROID_HOME = D:\Android-studio\sdk;D:\Android-studio\sdk\platform-tools;
    • Java binary at: D:\Android-studio\studio\jre\bin\java
    • Java version OpenJDK Runtime Environment (build 1.8.0_152-release-1136-b06)
    ! Some Android licenses not accepted.  To resolve this, run: flutter doctor --android-licenses

[✓] Android Studio (version 3.2)
    • Android Studio at D:\Android-studio\studio
    • Flutter plugin version 31.3.1
    • Dart plugin version 181.5656
    • Java version OpenJDK Runtime Environment (build 1.8.0_152-release-1136-b06)

[✓] Connected device (1 available)
    • Nexus 5X • 00823eecd0ac9285 • android-arm64 • Android 8.1.0 (API 27)

! Doctor found issues in 1 category.
```
